<?xml version="1.0" encoding="UTF-8"?>
<!-- Generated by org.testng.reporters.JUnitReportReporter -->
<testsuite hostname="Markos-MacBook-Pro.local" failures="0" tests="1" name="uipractice.Regression" time="6.612" errors="0" timestamp="2024-04-11T20:20:46 CEST" skipped="0">
  <testcase classname="uipractice.Regression" name="mainTest" time="6.612"/>
  <system-out/>
</testsuite> <!-- uipractice.Regression -->
