<?xml version="1.0" encoding="UTF-8"?>
<!-- Generated by org.testng.reporters.JUnitReportReporter -->
<testsuite hostname="Markos-MacBook-Pro.local" failures="0" tests="1" name="uipractice.Regression" time="6.103" errors="0" timestamp="2024-04-11T20:25:31 CEST" skipped="0">
  <testcase classname="uipractice.Regression" name="mainTest" time="6.103"/>
</testsuite> <!-- uipractice.Regression -->
